Traceback (most recent call last):
  File "/usr/local/lib/python3.10/dist-packages/jupyter_cache/executors/utils.py", line 58, in single_nb_execution
    executenb(
  File "/usr/local/lib/python3.10/dist-packages/nbclient/client.py", line 1305, in execute
    return NotebookClient(nb=nb, resources=resources, km=km, **kwargs).execute()
  File "/usr/local/lib/python3.10/dist-packages/jupyter_core/utils/__init__.py", line 166, in wrapped
    return loop.run_until_complete(inner)
  File "/usr/lib/python3.10/asyncio/base_events.py", line 649, in run_until_complete
    return future.result()
  File "/usr/local/lib/python3.10/dist-packages/nbclient/client.py", line 705, in async_execute
    await self.async_execute_cell(
  File "/usr/local/lib/python3.10/dist-packages/nbclient/client.py", line 1058, in async_execute_cell
    await self._check_raise_for_error(cell, cell_index, exec_reply)
  File "/usr/local/lib/python3.10/dist-packages/nbclient/client.py", line 914, in _check_raise_for_error
    raise CellExecutionError.from_cell_and_msg(cell, exec_reply_content)
nbclient.exceptions.CellExecutionError: An error occurred while executing the following cell:
------------------
from numpy import array
# split a univariate sequence into samples
def split_sequence(sequence, n_steps):
  X, y = list(), list()
  for i in range(len(sequence)):
    # find the end of this pattern
    end_ix = i + n_steps
    # check if we are beyond the sequence
    if end_ix > len(sequence)-1:
      break
    # gather input and output parts of the pattern
    seq_x, seq_y = sequence[i:end_ix], sequence[end_ix]
    X.append(seq_x)
    y.append(seq_y)
  return array(X), array(y)

# define univariate time series
series = p
print(series.shape)
# transform to a supervised learning problem
X, y = split_sequence(series, 3)
print(X.shape, y.shape)
# show each sample
for i in range(len(X)):
  print(X[i], y[i])
------------------


[0;31m[0m
[0;31mNameError[0mTraceback (most recent call last)
[0;32m<ipython-input-1-4dc59cd76ed5>[0m in [0;36m<cell line: 18>[0;34m()[0m
[1;32m     16[0m [0;34m[0m[0m
[1;32m     17[0m [0;31m# define univariate time series[0m[0;34m[0m[0;34m[0m[0m
[0;32m---> 18[0;31m [0mseries[0m [0;34m=[0m [0mp[0m[0;34m[0m[0;34m[0m[0m
[0m[1;32m     19[0m [0mprint[0m[0;34m([0m[0mseries[0m[0;34m.[0m[0mshape[0m[0;34m)[0m[0;34m[0m[0;34m[0m[0m
[1;32m     20[0m [0;31m# transform to a supervised learning problem[0m[0;34m[0m[0;34m[0m[0m

[0;31mNameError[0m: name 'p' is not defined

